e:\appstudentmanagement\addtwonumber\wrapper\release\wrapper.pch
e:\appstudentmanagement\addtwonumber\wrapper\release\vc142.pdb
e:\appstudentmanagement\addtwonumber\wrapper\release\pch.obj
e:\appstudentmanagement\addtwonumber\wrapper\release\wrapper.obj
e:\appstudentmanagement\addtwonumber\wrapper\release\assemblyinfo.obj
e:\appstudentmanagement\addtwonumber\wrapper\release\.netframework,version=v4.7.2.assemblyattributes.obj
e:\appstudentmanagement\addtwonumber\wrapper\release\app.res
e:\appstudentmanagement\addtwonumber\release\wrapper.pdb
e:\appstudentmanagement\addtwonumber\wrapper\release\wrapper.tlog\cl.command.1.tlog
e:\appstudentmanagement\addtwonumber\wrapper\release\wrapper.tlog\cl.read.1.tlog
e:\appstudentmanagement\addtwonumber\wrapper\release\wrapper.tlog\cl.write.1.tlog
e:\appstudentmanagement\addtwonumber\wrapper\release\wrapper.tlog\link.12156-cvtres.read.1.tlog
e:\appstudentmanagement\addtwonumber\wrapper\release\wrapper.tlog\link.12156-cvtres.write.1.tlog
e:\appstudentmanagement\addtwonumber\wrapper\release\wrapper.tlog\link.12156-rc.read.1.tlog
e:\appstudentmanagement\addtwonumber\wrapper\release\wrapper.tlog\link.12156-rc.write.1.tlog
e:\appstudentmanagement\addtwonumber\wrapper\release\wrapper.tlog\link.12156.read.1.tlog
e:\appstudentmanagement\addtwonumber\wrapper\release\wrapper.tlog\link.12156.write.1.tlog
e:\appstudentmanagement\addtwonumber\wrapper\release\wrapper.tlog\link.command.1.tlog
e:\appstudentmanagement\addtwonumber\wrapper\release\wrapper.tlog\link.read.1.tlog
e:\appstudentmanagement\addtwonumber\wrapper\release\wrapper.tlog\link.write.1.tlog
e:\appstudentmanagement\addtwonumber\wrapper\release\wrapper.tlog\metagen.read.1.tlog
e:\appstudentmanagement\addtwonumber\wrapper\release\wrapper.tlog\metagen.write.1.tlog
e:\appstudentmanagement\addtwonumber\wrapper\release\wrapper.tlog\rc.command.1.tlog
e:\appstudentmanagement\addtwonumber\wrapper\release\wrapper.tlog\rc.read.1.tlog
e:\appstudentmanagement\addtwonumber\wrapper\release\wrapper.tlog\rc.write.1.tlog
